e:\documentos\uni_shadowvolume\trunk\unisinosshadowvolume\projeto\debug\vc120.pdb
e:\documentos\uni_shadowvolume\trunk\unisinosshadowvolume\projeto\debug\vc120.idb
e:\documentos\uni_shadowvolume\trunk\unisinosshadowvolume\projeto\debug\glut_backend.obj
e:\documentos\uni_shadowvolume\trunk\unisinosshadowvolume\projeto\debug\io_buffer.obj
e:\documentos\uni_shadowvolume\trunk\unisinosshadowvolume\projeto\debug\math_3d.obj
e:\documentos\uni_shadowvolume\trunk\unisinosshadowvolume\projeto\debug\ogldev_app.obj
e:\documentos\uni_shadowvolume\trunk\unisinosshadowvolume\projeto\debug\ogldev_glfw_backend.obj
e:\documentos\uni_shadowvolume\trunk\unisinosshadowvolume\projeto\debug\ogldev_shadow_map_fbo.obj
e:\documentos\uni_shadowvolume\trunk\unisinosshadowvolume\projeto\debug\ogldev_skinned_mesh.obj
e:\documentos\uni_shadowvolume\trunk\unisinosshadowvolume\projeto\debug\ogldev_texture.obj
e:\documentos\uni_shadowvolume\trunk\unisinosshadowvolume\projeto\debug\ogldev_util.obj
e:\documentos\uni_shadowvolume\trunk\unisinosshadowvolume\projeto\debug\ogldev_vulkan.obj
e:\documentos\uni_shadowvolume\trunk\unisinosshadowvolume\projeto\debug\ogldev_vulkan_core.obj
e:\documentos\uni_shadowvolume\trunk\unisinosshadowvolume\projeto\debug\ogldev_win32_control.obj
e:\documentos\uni_shadowvolume\trunk\unisinosshadowvolume\projeto\debug\ogldev_xcb_control.obj
e:\documentos\uni_shadowvolume\trunk\unisinosshadowvolume\projeto\debug\random_texture.obj
e:\documentos\uni_shadowvolume\trunk\unisinosshadowvolume\projeto\debug\technique.obj
e:\documentos\uni_shadowvolume\trunk\unisinosshadowvolume\projeto\debug\cubemap_texture.obj
e:\documentos\uni_shadowvolume\trunk\unisinosshadowvolume\projeto\debug\common.tlog\cl.command.1.tlog
e:\documentos\uni_shadowvolume\trunk\unisinosshadowvolume\projeto\debug\common.tlog\cl.read.1.tlog
e:\documentos\uni_shadowvolume\trunk\unisinosshadowvolume\projeto\debug\common.tlog\cl.write.1.tlog
