c:\users\endriu\downloads\shadowvolumeprojeto\shadowvolumeprojeto\shadowvolumeprojeto\debug\vc120.pdb
c:\users\endriu\downloads\shadowvolumeprojeto\shadowvolumeprojeto\shadowvolumeprojeto\debug\vc120.idb
c:\users\endriu\downloads\shadowvolumeprojeto\shadowvolumeprojeto\shadowvolumeprojeto\debug\lighting_technique.obj
c:\users\endriu\downloads\shadowvolumeprojeto\shadowvolumeprojeto\shadowvolumeprojeto\debug\technique.obj
c:\intel\uni_shadowvolume\trunk\shadowvolumeprojeto\shadowvolumeprojeto\debug\vc120.pdb
c:\intel\uni_shadowvolume\trunk\shadowvolumeprojeto\shadowvolumeprojeto\debug\vc120.idb
c:\intel\uni_shadowvolume\trunk\shadowvolumeprojeto\shadowvolumeprojeto\debug\camera.obj
c:\intel\uni_shadowvolume\trunk\shadowvolumeprojeto\shadowvolumeprojeto\debug\main.obj
c:\intel\uni_shadowvolume\trunk\shadowvolumeprojeto\shadowvolumeprojeto\debug\math_3d.obj
c:\intel\uni_shadowvolume\trunk\shadowvolumeprojeto\shadowvolumeprojeto\debug\pipeline.obj
c:\users\endriu\downloads\shadowvolumeprojeto\shadowvolumeprojeto\debug\shadowvolumeprojeto.ilk
c:\users\endriu\downloads\shadowvolumeprojeto\shadowvolumeprojeto\debug\shadowvolumeprojeto.exe
c:\users\endriu\downloads\shadowvolumeprojeto\shadowvolumeprojeto\debug\shadowvolumeprojeto.pdb
c:\intel\uni_shadowvolume\trunk\shadowvolumeprojeto\debug\shadowvolumeprojeto.ilk
c:\intel\uni_shadowvolume\trunk\shadowvolumeprojeto\debug\shadowvolumeprojeto.exe
c:\intel\uni_shadowvolume\trunk\shadowvolumeprojeto\debug\shadowvolumeprojeto.pdb
e:\documentos\uni_shadowvolume\trunk\shadowvolumeprojeto\shadowvolumeprojeto\debug\camera.obj
e:\documentos\uni_shadowvolume\trunk\shadowvolumeprojeto\shadowvolumeprojeto\debug\lighting_technique.obj
e:\documentos\uni_shadowvolume\trunk\shadowvolumeprojeto\shadowvolumeprojeto\debug\main.obj
e:\documentos\uni_shadowvolume\trunk\shadowvolumeprojeto\shadowvolumeprojeto\debug\math_3d.obj
e:\documentos\uni_shadowvolume\trunk\shadowvolumeprojeto\shadowvolumeprojeto\debug\pipeline.obj
e:\documentos\uni_shadowvolume\trunk\shadowvolumeprojeto\shadowvolumeprojeto\debug\technique.obj
e:\documentos\uni_shadowvolume\trunk\shadowvolumeprojeto\shadowvolumeprojeto\debug\vc120.idb
e:\documentos\uni_shadowvolume\trunk\shadowvolumeprojeto\shadowvolumeprojeto\debug\vc120.pdb
e:\documentos\uni_shadowvolume\trunk\shadowvolumeprojeto\debug\shadowvolumeprojeto.pdb
e:\documentos\uni_shadowvolume\trunk\shadowvolumeprojeto\debug\shadowvolumeprojeto.exe
e:\documentos\uni_shadowvolume\trunk\shadowvolumeprojeto\debug\shadowvolumeprojeto.ilk
e:\documentos\uni_shadowvolume\trunk\shadowvolumeprojeto\shadowvolumeprojeto\debug\shadowvo.10c5ec52.tlog\cl.command.1.tlog
e:\documentos\uni_shadowvolume\trunk\shadowvolumeprojeto\shadowvolumeprojeto\debug\shadowvo.10c5ec52.tlog\cl.read.1.tlog
e:\documentos\uni_shadowvolume\trunk\shadowvolumeprojeto\shadowvolumeprojeto\debug\shadowvo.10c5ec52.tlog\cl.write.1.tlog
e:\documentos\uni_shadowvolume\trunk\shadowvolumeprojeto\shadowvolumeprojeto\debug\shadowvo.10c5ec52.tlog\link.command.1.tlog
e:\documentos\uni_shadowvolume\trunk\shadowvolumeprojeto\shadowvolumeprojeto\debug\shadowvo.10c5ec52.tlog\link.read.1.tlog
e:\documentos\uni_shadowvolume\trunk\shadowvolumeprojeto\shadowvolumeprojeto\debug\shadowvo.10c5ec52.tlog\link.write.1.tlog
