Build started 02/12/2016 16:15:12.
     1>Project "D:\Usuarios\Unisinos - Jogos Digitais\CGA\uni_ShadowVolume\ShadowVolumeProjeto\ShadowVolumeProjeto\ShadowVolumeProjeto.vcxproj" on node 2 (Build target(s)).
     1>ClCompile:
         C:\Program Files (x86)\Microsoft Visual Studio 12.0\VC\bin\CL.exe /c /I..\..\common\include /I"D:\opengl-wrapper\assimp--3.0.1270-sdk\include\assimp" /ZI /nologo /W3 /WX- /sdl /Od /Oy- /D _CRT_SECURE_NO_WARNINGS /D _MBCS /Gm /EHsc /RTC1 /MDd /GS /fp:precise /Zc:wchar_t /Zc:forScope /Fo"Debug\\" /Fd"Debug\vc120.pdb" /Gd /TP /analyze- /errorReport:prompt gl_utils.cpp Main.cpp maths_funcs.cpp
         maths_funcs.cpp
     1>d:\usuarios\unisinos - jogos digitais\cga\uni_shadowvolume\shadowvolumeprojeto\shadowvolumeprojeto\maths_funcs.cpp(262): warning C4244: 'return' : conversion from 'double' to 'float', possible loss of data
     1>d:\usuarios\unisinos - jogos digitais\cga\uni_shadowvolume\shadowvolumeprojeto\shadowvolumeprojeto\maths_funcs.cpp(266): warning C4244: 'initializing' : conversion from 'double' to 'float', possible loss of data
     1>d:\usuarios\unisinos - jogos digitais\cga\uni_shadowvolume\shadowvolumeprojeto\shadowvolumeprojeto\maths_funcs.cpp(509): warning C4244: 'initializing' : conversion from 'double' to 'float', possible loss of data
     1>d:\usuarios\unisinos - jogos digitais\cga\uni_shadowvolume\shadowvolumeprojeto\shadowvolumeprojeto\maths_funcs.cpp(521): warning C4244: 'initializing' : conversion from 'double' to 'float', possible loss of data
     1>d:\usuarios\unisinos - jogos digitais\cga\uni_shadowvolume\shadowvolumeprojeto\shadowvolumeprojeto\maths_funcs.cpp(533): warning C4244: 'initializing' : conversion from 'double' to 'float', possible loss of data
     1>d:\usuarios\unisinos - jogos digitais\cga\uni_shadowvolume\shadowvolumeprojeto\shadowvolumeprojeto\maths_funcs.cpp(581): warning C4244: 'initializing' : conversion from 'double' to 'float', possible loss of data
     1>d:\usuarios\unisinos - jogos digitais\cga\uni_shadowvolume\shadowvolumeprojeto\shadowvolumeprojeto\maths_funcs.cpp(647): warning C4244: '=' : conversion from 'double' to 'float', possible loss of data
     1>d:\usuarios\unisinos - jogos digitais\cga\uni_shadowvolume\shadowvolumeprojeto\shadowvolumeprojeto\maths_funcs.cpp(648): warning C4244: '=' : conversion from 'double' to 'float', possible loss of data
     1>d:\usuarios\unisinos - jogos digitais\cga\uni_shadowvolume\shadowvolumeprojeto\shadowvolumeprojeto\maths_funcs.cpp(649): warning C4244: '=' : conversion from 'double' to 'float', possible loss of data
     1>d:\usuarios\unisinos - jogos digitais\cga\uni_shadowvolume\shadowvolumeprojeto\shadowvolumeprojeto\maths_funcs.cpp(650): warning C4244: '=' : conversion from 'double' to 'float', possible loss of data
     1>d:\usuarios\unisinos - jogos digitais\cga\uni_shadowvolume\shadowvolumeprojeto\shadowvolumeprojeto\maths_funcs.cpp(655): warning C4244: 'argument' : conversion from 'double' to 'float', possible loss of data
         Main.cpp
     1>d:\usuarios\unisinos - jogos digitais\cga\uni_shadowvolume\shadowvolumeprojeto\shadowvolumeprojeto\main.cpp(353): warning C4305: 'argument' : truncation from 'double' to 'GLclampf'
     1>d:\usuarios\unisinos - jogos digitais\cga\uni_shadowvolume\shadowvolumeprojeto\shadowvolumeprojeto\main.cpp(584): warning C4244: '-=' : conversion from 'double' to 'float', possible loss of data
     1>d:\usuarios\unisinos - jogos digitais\cga\uni_shadowvolume\shadowvolumeprojeto\shadowvolumeprojeto\main.cpp(588): warning C4244: '+=' : conversion from 'double' to 'float', possible loss of data
     1>d:\usuarios\unisinos - jogos digitais\cga\uni_shadowvolume\shadowvolumeprojeto\shadowvolumeprojeto\main.cpp(592): warning C4244: '+=' : conversion from 'double' to 'float', possible loss of data
     1>d:\usuarios\unisinos - jogos digitais\cga\uni_shadowvolume\shadowvolumeprojeto\shadowvolumeprojeto\main.cpp(596): warning C4244: '-=' : conversion from 'double' to 'float', possible loss of data
     1>d:\usuarios\unisinos - jogos digitais\cga\uni_shadowvolume\shadowvolumeprojeto\shadowvolumeprojeto\main.cpp(600): warning C4244: '-=' : conversion from 'double' to 'float', possible loss of data
     1>d:\usuarios\unisinos - jogos digitais\cga\uni_shadowvolume\shadowvolumeprojeto\shadowvolumeprojeto\main.cpp(604): warning C4244: '+=' : conversion from 'double' to 'float', possible loss of data
     1>d:\usuarios\unisinos - jogos digitais\cga\uni_shadowvolume\shadowvolumeprojeto\shadowvolumeprojeto\main.cpp(609): warning C4244: '+=' : conversion from 'double' to 'float', possible loss of data
     1>d:\usuarios\unisinos - jogos digitais\cga\uni_shadowvolume\shadowvolumeprojeto\shadowvolumeprojeto\main.cpp(617): warning C4244: '-=' : conversion from 'double' to 'float', possible loss of data
     1>d:\usuarios\unisinos - jogos digitais\cga\uni_shadowvolume\shadowvolumeprojeto\shadowvolumeprojeto\main.cpp(623): warning C4244: '+=' : conversion from 'double' to 'float', possible loss of data
     1>d:\usuarios\unisinos - jogos digitais\cga\uni_shadowvolume\shadowvolumeprojeto\shadowvolumeprojeto\main.cpp(629): warning C4244: '-=' : conversion from 'double' to 'float', possible loss of data
     1>d:\usuarios\unisinos - jogos digitais\cga\uni_shadowvolume\shadowvolumeprojeto\shadowvolumeprojeto\main.cpp(635): warning C4244: '-=' : conversion from 'double' to 'float', possible loss of data
     1>d:\usuarios\unisinos - jogos digitais\cga\uni_shadowvolume\shadowvolumeprojeto\shadowvolumeprojeto\main.cpp(641): warning C4244: '+=' : conversion from 'double' to 'float', possible loss of data
         gl_utils.cpp
         Generating Code...
         C:\Program Files (x86)\Microsoft Visual Studio 12.0\VC\bin\CL.exe /c /I..\..\common\include /I"D:\opengl-wrapper\assimp--3.0.1270-sdk\include\assimp" /ZI /nologo /W3 /WX- /sdl /Od /Oy- /D _CRT_SECURE_NO_WARNINGS /D _MBCS /Gm /EHsc /RTC1 /MDd /GS /fp:precise /Zc:wchar_t /Zc:forScope /Fo"Debug\\" /Fd"Debug\vc120.pdb" /Gd /TC /analyze- /errorReport:prompt stb_image.c
         stb_image.c
       Link:
         C:\Program Files (x86)\Microsoft Visual Studio 12.0\VC\bin\link.exe /ERRORREPORT:PROMPT /OUT:"D:\Usuarios\Unisinos - Jogos Digitais\CGA\uni_ShadowVolume\ShadowVolumeProjeto\Debug\ShadowVolumeProjeto.exe" /INCREMENTAL /NOLOGO /LIBPATH:..\..\common\msvc110\ assimp.lib glew32s.lib glfw3.lib glew32.lib opengl32.lib kernel32.lib user32.lib gdi32.lib winspool.lib comdlg32.lib advapi32.lib shell32.lib ole32.lib oleaut32.lib uuid.lib odbc32.lib odbccp32.lib /MANIFEST /MANIFESTUAC:"level='asInvoker' uiAccess='false'" /manifest:embed /DEBUG /PDB:"D:\Usuarios\Unisinos - Jogos Digitais\CGA\uni_ShadowVolume\ShadowVolumeProjeto\Debug\ShadowVolumeProjeto.pdb" /TLBID:1 /DYNAMICBASE /NXCOMPAT /IMPLIB:"D:\Usuarios\Unisinos - Jogos Digitais\CGA\uni_ShadowVolume\ShadowVolumeProjeto\Debug\ShadowVolumeProjeto.lib" /MACHINE:X86 Debug\gl_utils.obj
         Debug\Main.obj
         Debug\maths_funcs.obj
         Debug\stb_image.obj
         LINK : D:\Usuarios\Unisinos - Jogos Digitais\CGA\uni_ShadowVolume\ShadowVolumeProjeto\Debug\ShadowVolumeProjeto.exe not found or not built by the last incremental link; performing full link
     1>LINK : warning LNK4098: defaultlib 'MSVCRT' conflicts with use of other libs; use /NODEFAULTLIB:library
         ShadowVolumeProjeto.vcxproj -> D:\Usuarios\Unisinos - Jogos Digitais\CGA\uni_ShadowVolume\ShadowVolumeProjeto\Debug\ShadowVolumeProjeto.exe
     1>Done Building Project "D:\Usuarios\Unisinos - Jogos Digitais\CGA\uni_ShadowVolume\ShadowVolumeProjeto\ShadowVolumeProjeto\ShadowVolumeProjeto.vcxproj" (Build target(s)).

Build succeeded.

Time Elapsed 00:00:06.68
